Using pre-set license
Built from '2020.3/staging' branch; Version is '2020.3.18f1 (a7d1c678663c) revision 10998214'; Using compiler version '192528614'; Build Type 'Release'
OS: 'Windows 10 Home; OS build 19043.1237; Version 2009; 64bit' Language: 'es' Physical Memory: 16238 MB
BatchMode: 1, IsHumanControllingUs: 0, StartBugReporterOnCrash: 0, Is64bit: 1, IsPro: 0

COMMAND LINE ARGUMENTS:
C:\Program Files\Unity\Hub\Editor\2020.3.18f1\Editor\Unity.exe
-adb2
-batchMode
-noUpm
-name
AssetImportWorker0
-projectPath
D:/Github/GameEscapeDefinitivo
-logFile
Logs/AssetImportWorker0.log
-srvPort
<<<<<<< HEAD
50853
Successfully changed project path to: D:/ProyectosUnity/GamEscapeDefinitivo/GameEscapeDefinitivo
D:/ProyectosUnity/GamEscapeDefinitivo/GameEscapeDefinitivo
Using Asset Import Pipeline V2.
Default GameObject BitMask: Weapon already registered
Refreshing native plugins compatible for Editor in 24.97 ms, found 2 plugins.
=======
58171
Successfully changed project path to: D:/Github/GameEscapeDefinitivo
D:/Github/GameEscapeDefinitivo
Using Asset Import Pipeline V2.
Default GameObject BitMask: Weapon already registered
Refreshing native plugins compatible for Editor in 33.79 ms, found 2 plugins.
>>>>>>> 1bfa6a9346c18a1c4a0ead51f35bd349e98c2857
Preloading 0 native plugins for Editor in 0.00 ms.
Initialize engine version: 2020.3.18f1 (a7d1c678663c)
[Subsystems] Discovering subsystems at path C:/Program Files/Unity/Hub/Editor/2020.3.18f1/Editor/Data/Resources/UnitySubsystems
[Subsystems] Discovering subsystems at path D:/Github/GameEscapeDefinitivo/Assets
GfxDevice: creating device client; threaded=0
Direct3D:
    Version:  Direct3D 11.0 [level 11.1]
    Renderer: NVIDIA GeForce GTX 1070 with Max-Q Design (ID=0x1ba1)
    Vendor:   
    VRAM:     8082 MB
    Driver:   27.21.14.6172
Initialize mono
<<<<<<< HEAD
Mono path[0] = 'D:/Versiones Unity/2020.3.18f1/Editor/Data/Managed'
Mono path[1] = 'D:/Versiones Unity/2020.3.18f1/Editor/Data/MonoBleedingEdge/lib/mono/unityjit'
Mono config path = 'D:/Versiones Unity/2020.3.18f1/Editor/Data/MonoBleedingEdge/etc'
Using monoOptions --debugger-agent=transport=dt_socket,embedding=1,server=y,suspend=n,address=127.0.0.1:56500
Begin MonoManager ReloadAssembly
Registering precompiled unity dll's ...
Register platform support module: D:/Versiones Unity/2020.3.18f1/Editor/Data/PlaybackEngines/WindowsStandaloneSupport/UnityEditor.WindowsStandalone.Extensions.dll
Registered in 0.001111 seconds.
Native extension for WindowsStandalone target not found
Refreshing native plugins compatible for Editor in 23.62 ms, found 2 plugins.
Preloading 0 native plugins for Editor in 0.00 ms.
Mono: successfully reloaded assembly
- Completed reload, in  1.910 seconds
Domain Reload Profiling:
	ReloadAssembly (1910ms)
		BeginReloadAssembly (51ms)
=======
Mono path[0] = 'C:/Program Files/Unity/Hub/Editor/2020.3.18f1/Editor/Data/Managed'
Mono path[1] = 'C:/Program Files/Unity/Hub/Editor/2020.3.18f1/Editor/Data/MonoBleedingEdge/lib/mono/unityjit'
Mono config path = 'C:/Program Files/Unity/Hub/Editor/2020.3.18f1/Editor/Data/MonoBleedingEdge/etc'
Using monoOptions --debugger-agent=transport=dt_socket,embedding=1,server=y,suspend=n,address=127.0.0.1:56680
Begin MonoManager ReloadAssembly
Registering precompiled unity dll's ...
Register platform support module: C:/Program Files/Unity/Hub/Editor/2020.3.18f1/Editor/Data/PlaybackEngines/WindowsStandaloneSupport/UnityEditor.WindowsStandalone.Extensions.dll
Registered in 0.002292 seconds.
Native extension for WindowsStandalone target not found
Refreshing native plugins compatible for Editor in 32.08 ms, found 2 plugins.
Preloading 0 native plugins for Editor in 0.00 ms.
Mono: successfully reloaded assembly
- Completed reload, in  1.205 seconds
Domain Reload Profiling:
	ReloadAssembly (1205ms)
		BeginReloadAssembly (80ms)
>>>>>>> 1bfa6a9346c18a1c4a0ead51f35bd349e98c2857
			ExecutionOrderSort (0ms)
			DisableScriptedObjects (0ms)
			BackupInstance (0ms)
			ReleaseScriptingObjects (0ms)
			CreateAndSetChildDomain (1ms)
<<<<<<< HEAD
		EndReloadAssembly (277ms)
			LoadAssemblies (50ms)
			RebuildTransferFunctionScriptingTraits (0ms)
			SetupTypeCache (98ms)
			ReleaseScriptCaches (0ms)
			RebuildScriptCaches (18ms)
			SetupLoadedEditorAssemblies (112ms)
				LogAssemblyErrors (0ms)
				InitializePlatformSupportModulesInManaged (3ms)
				SetLoadedEditorAssemblies (0ms)
				RefreshPlugins (24ms)
				BeforeProcessingInitializeOnLoad (12ms)
				ProcessInitializeOnLoadAttributes (54ms)
				ProcessInitializeOnLoadMethodAttributes (19ms)
=======
		EndReloadAssembly (443ms)
			LoadAssemblies (76ms)
			RebuildTransferFunctionScriptingTraits (0ms)
			SetupTypeCache (184ms)
			ReleaseScriptCaches (0ms)
			RebuildScriptCaches (29ms)
			SetupLoadedEditorAssemblies (148ms)
				LogAssemblyErrors (0ms)
				InitializePlatformSupportModulesInManaged (4ms)
				SetLoadedEditorAssemblies (0ms)
				RefreshPlugins (32ms)
				BeforeProcessingInitializeOnLoad (14ms)
				ProcessInitializeOnLoadAttributes (73ms)
				ProcessInitializeOnLoadMethodAttributes (24ms)
>>>>>>> 1bfa6a9346c18a1c4a0ead51f35bd349e98c2857
				AfterProcessingInitializeOnLoad (0ms)
				EditorAssembliesLoaded (0ms)
			ExecutionOrderSort2 (0ms)
			AwakeInstancesAfterBackupRestoration (0ms)
Platform modules already initialized, skipping
Registering precompiled user dll's ...
<<<<<<< HEAD
Registered in 0.002328 seconds.
Begin MonoManager ReloadAssembly
Native extension for WindowsStandalone target not found
Refreshing native plugins compatible for Editor in 0.38 ms, found 2 plugins.
Preloading 0 native plugins for Editor in 0.00 ms.
Mono: successfully reloaded assembly
- Completed reload, in  0.681 seconds
Domain Reload Profiling:
	ReloadAssembly (682ms)
		BeginReloadAssembly (114ms)
			ExecutionOrderSort (0ms)
			DisableScriptedObjects (3ms)
			BackupInstance (0ms)
			ReleaseScriptingObjects (0ms)
			CreateAndSetChildDomain (16ms)
		EndReloadAssembly (526ms)
			LoadAssemblies (78ms)
			RebuildTransferFunctionScriptingTraits (0ms)
			SetupTypeCache (178ms)
			ReleaseScriptCaches (0ms)
			RebuildScriptCaches (27ms)
			SetupLoadedEditorAssemblies (202ms)
				LogAssemblyErrors (0ms)
				InitializePlatformSupportModulesInManaged (3ms)
				SetLoadedEditorAssemblies (0ms)
				RefreshPlugins (0ms)
				BeforeProcessingInitializeOnLoad (51ms)
				ProcessInitializeOnLoadAttributes (141ms)
				ProcessInitializeOnLoadMethodAttributes (3ms)
				AfterProcessingInitializeOnLoad (2ms)
				EditorAssembliesLoaded (0ms)
			ExecutionOrderSort2 (0ms)
			AwakeInstancesAfterBackupRestoration (4ms)
=======
Registered in 0.002667 seconds.
Begin MonoManager ReloadAssembly
Native extension for WindowsStandalone target not found
Refreshing native plugins compatible for Editor in 0.33 ms, found 2 plugins.
Preloading 0 native plugins for Editor in 0.00 ms.
Mono: successfully reloaded assembly
- Completed reload, in  0.972 seconds
Domain Reload Profiling:
	ReloadAssembly (973ms)
		BeginReloadAssembly (147ms)
			ExecutionOrderSort (0ms)
			DisableScriptedObjects (4ms)
			BackupInstance (0ms)
			ReleaseScriptingObjects (0ms)
			CreateAndSetChildDomain (22ms)
		EndReloadAssembly (763ms)
			LoadAssemblies (86ms)
			RebuildTransferFunctionScriptingTraits (0ms)
			SetupTypeCache (274ms)
			ReleaseScriptCaches (0ms)
			RebuildScriptCaches (40ms)
			SetupLoadedEditorAssemblies (278ms)
				LogAssemblyErrors (0ms)
				InitializePlatformSupportModulesInManaged (4ms)
				SetLoadedEditorAssemblies (0ms)
				RefreshPlugins (0ms)
				BeforeProcessingInitializeOnLoad (70ms)
				ProcessInitializeOnLoadAttributes (192ms)
				ProcessInitializeOnLoadMethodAttributes (4ms)
				AfterProcessingInitializeOnLoad (7ms)
				EditorAssembliesLoaded (0ms)
			ExecutionOrderSort2 (0ms)
			AwakeInstancesAfterBackupRestoration (6ms)
>>>>>>> 1bfa6a9346c18a1c4a0ead51f35bd349e98c2857
Platform modules already initialized, skipping
========================================================================
Worker process is ready to serve import requests
Default GameObject BitMask: Weapon already registered
<<<<<<< HEAD
Launched and connected shader compiler UnityShaderCompiler.exe after 0.04 seconds
Refreshing native plugins compatible for Editor in 0.32 ms, found 2 plugins.
Preloading 0 native plugins for Editor in 0.00 ms.
Unloading 1466 Unused Serialized files (Serialized files now loaded: 0)
System memory in use before: 75.9 MB.
System memory in use after: 76.0 MB.

Unloading 16 unused Assets to reduce memory usage. Loaded Objects now: 1908.
Total: 2.476900 ms (FindLiveObjects: 0.169900 ms CreateObjectMapping: 0.040200 ms MarkObjects: 2.183700 ms  DeleteObjects: 0.082300 ms)
=======
Launched and connected shader compiler UnityShaderCompiler.exe after 0.09 seconds
Refreshing native plugins compatible for Editor in 0.31 ms, found 2 plugins.
Preloading 0 native plugins for Editor in 0.00 ms.
Unloading 1438 Unused Serialized files (Serialized files now loaded: 0)
System memory in use before: 67.8 MB.
System memory in use after: 67.6 MB.

Unloading 18 unused Assets to reduce memory usage. Loaded Objects now: 1872.
Total: 3.212000 ms (FindLiveObjects: 0.172400 ms CreateObjectMapping: 0.048800 ms MarkObjects: 2.726500 ms  DeleteObjects: 0.263400 ms)
>>>>>>> 1bfa6a9346c18a1c4a0ead51f35bd349e98c2857

AssetImportParameters requested are different than current active one (requested -> active):
  custom:framework-win-MediaFoundation: 216162199b28c13a410421893ffa2e32 -> 
  custom:video-decoder-ogg-theora: a1e56fd34408186e4bbccfd4996cb3dc -> 
  custom:container-muxer-webm: aa71ff27fc2769a1b78a27578f13a17b -> 
  custom:container-demuxer-webm: 4f35f7cbe854078d1ac9338744f61a02 -> 
  custom:container-demuxer-ogg: 62fdf1f143b41e24485cea50d1cbac27 -> 
  custom:video-encoder-webm-vp8: eb34c28f22e8b96e1ab97ce403110664 -> 
  custom:video-decoder-webm-vp8: 9c59270c3fd7afecdb556c50c9e8de78 -> 
  custom:audio-decoder-ogg-vorbis: bf7c407c2cedff20999df2af8eb42d56 -> 
  custom:audio-encoder-webm-vorbis: bf7c407c2cedff20999df2af8eb42d56 -> 
========================================================================
Received Import Request.
<<<<<<< HEAD
  path: Assets/Scenes/1Level_Prototipo.unity
  artifactKey: Guid(03a3e96a6b953a7449ea8740e39b231c) Importer(815301076,1909f56bfc062723c751e8b465ee728b)
Start importing Assets/Scenes/1Level_Prototipo.unity using Guid(03a3e96a6b953a7449ea8740e39b231c) Importer(815301076,1909f56bfc062723c751e8b465ee728b)  -> (artifact id: 'ab13e5b328acb837634ec6e5ffba190f') in 0.009429 seconds 
  Import took 0.011444 seconds .

========================================================================
Received Import Request.
  Time since last request: 677.974293 seconds.
  path: Assets/Scripts/Temporales
  artifactKey: Guid(269b270f73f3b6447bd793a41e60ca3c) Importer(815301076,1909f56bfc062723c751e8b465ee728b)
Start importing Assets/Scripts/Temporales using Guid(269b270f73f3b6447bd793a41e60ca3c) Importer(815301076,1909f56bfc062723c751e8b465ee728b)  -> (artifact id: '10dda5f9d6c9bf2367ab20d88bb97789') in 0.002865 seconds 
  Import took 0.005163 seconds .

========================================================================
Received Import Request.
  Time since last request: 7.257581 seconds.
  path: Assets/Scenes/2DPlatformer.unity
  artifactKey: Guid(cb2a1794e8f9bb44da3ed839a002128f) Importer(815301076,1909f56bfc062723c751e8b465ee728b)
Start importing Assets/Scenes/2DPlatformer.unity using Guid(cb2a1794e8f9bb44da3ed839a002128f) Importer(815301076,1909f56bfc062723c751e8b465ee728b)  -> (artifact id: '696b75752ff24b2b136f145247c1204e') in 0.003081 seconds 
  Import took 0.005292 seconds .

========================================================================
Received Import Request.
  Time since last request: 5.888382 seconds.
  path: Assets/Scripts/2DPlatformer/FireBallSpawner.cs
  artifactKey: Guid(d2c2a2a6c476d664a828ff2b866ee528) Importer(815301076,1909f56bfc062723c751e8b465ee728b)
Start importing Assets/Scripts/2DPlatformer/FireBallSpawner.cs using Guid(d2c2a2a6c476d664a828ff2b866ee528) Importer(815301076,1909f56bfc062723c751e8b465ee728b)  -> (artifact id: 'c7ed97f7c21ed4102b2863e98adc3cfa') in 0.025282 seconds 
  Import took 0.027417 seconds .

========================================================================
Received Import Request.
  Time since last request: 43.145352 seconds.
  path: Assets/Scripts/2DPlatformer/FireBallSpawner.cs
  artifactKey: Guid(d2c2a2a6c476d664a828ff2b866ee528) Importer(815301076,1909f56bfc062723c751e8b465ee728b)
Start importing Assets/Scripts/2DPlatformer/FireBallSpawner.cs using Guid(d2c2a2a6c476d664a828ff2b866ee528) Importer(815301076,1909f56bfc062723c751e8b465ee728b)  -> (artifact id: 'a792f936600685f9dead7c9f310559dc') in 0.002296 seconds 
  Import took 0.004334 seconds .

========================================================================
Received Prepare
Default GameObject BitMask: Weapon already registered
Registering precompiled user dll's ...
Registered in 0.002161 seconds.
Begin MonoManager ReloadAssembly
Native extension for WindowsStandalone target not found
Refreshing native plugins compatible for Editor in 0.32 ms, found 2 plugins.
Preloading 0 native plugins for Editor in 0.00 ms.
Mono: successfully reloaded assembly
- Completed reload, in  0.649 seconds
Domain Reload Profiling:
	ReloadAssembly (649ms)
		BeginReloadAssembly (105ms)
			ExecutionOrderSort (0ms)
			DisableScriptedObjects (3ms)
			BackupInstance (0ms)
			ReleaseScriptingObjects (0ms)
			CreateAndSetChildDomain (26ms)
		EndReloadAssembly (503ms)
			LoadAssemblies (75ms)
			RebuildTransferFunctionScriptingTraits (0ms)
			SetupTypeCache (173ms)
			ReleaseScriptCaches (1ms)
			RebuildScriptCaches (22ms)
			SetupLoadedEditorAssemblies (188ms)
				LogAssemblyErrors (0ms)
				InitializePlatformSupportModulesInManaged (4ms)
				SetLoadedEditorAssemblies (0ms)
				RefreshPlugins (0ms)
				BeforeProcessingInitializeOnLoad (47ms)
				ProcessInitializeOnLoadAttributes (132ms)
				ProcessInitializeOnLoadMethodAttributes (3ms)
				AfterProcessingInitializeOnLoad (2ms)
				EditorAssembliesLoaded (0ms)
			ExecutionOrderSort2 (0ms)
			AwakeInstancesAfterBackupRestoration (4ms)
Platform modules already initialized, skipping
Refreshing native plugins compatible for Editor in 0.35 ms, found 2 plugins.
Preloading 0 native plugins for Editor in 0.00 ms.
Unloading 1438 Unused Serialized files (Serialized files now loaded: 0)
System memory in use before: 73.5 MB.
System memory in use after: 73.6 MB.

Unloading 11 unused Assets to reduce memory usage. Loaded Objects now: 1910.
Total: 2.415900 ms (FindLiveObjects: 0.160000 ms CreateObjectMapping: 0.039900 ms MarkObjects: 2.194600 ms  DeleteObjects: 0.020000 ms)

AssetImportParameters requested are different than current active one (requested -> active):
  custom:framework-win-MediaFoundation: 216162199b28c13a410421893ffa2e32 -> 
  custom:video-decoder-ogg-theora: a1e56fd34408186e4bbccfd4996cb3dc -> 
  custom:container-muxer-webm: aa71ff27fc2769a1b78a27578f13a17b -> 
  custom:container-demuxer-webm: 4f35f7cbe854078d1ac9338744f61a02 -> 
  custom:container-demuxer-ogg: 62fdf1f143b41e24485cea50d1cbac27 -> 
  custom:video-encoder-webm-vp8: eb34c28f22e8b96e1ab97ce403110664 -> 
  custom:video-decoder-webm-vp8: 9c59270c3fd7afecdb556c50c9e8de78 -> 
  custom:audio-decoder-ogg-vorbis: bf7c407c2cedff20999df2af8eb42d56 -> 
  custom:audio-encoder-webm-vorbis: bf7c407c2cedff20999df2af8eb42d56 -> 
========================================================================
Received Import Request.
  Time since last request: 90.654485 seconds.
  path: Assets/Scripts/2DPlatformer/FireBallSpawner.cs
  artifactKey: Guid(d2c2a2a6c476d664a828ff2b866ee528) Importer(815301076,1909f56bfc062723c751e8b465ee728b)
Start importing Assets/Scripts/2DPlatformer/FireBallSpawner.cs using Guid(d2c2a2a6c476d664a828ff2b866ee528) Importer(815301076,1909f56bfc062723c751e8b465ee728b)  -> (artifact id: '6bd4af13262a8f4e1bec56e098f04e39') in 0.004570 seconds 
  Import took 0.006727 seconds .

========================================================================
Received Import Request.
  Time since last request: 72.221113 seconds.
  path: Assets/Scripts/2DPlatformer/FireBallSpawner.cs
  artifactKey: Guid(d2c2a2a6c476d664a828ff2b866ee528) Importer(815301076,1909f56bfc062723c751e8b465ee728b)
Start importing Assets/Scripts/2DPlatformer/FireBallSpawner.cs using Guid(d2c2a2a6c476d664a828ff2b866ee528) Importer(815301076,1909f56bfc062723c751e8b465ee728b)  -> (artifact id: 'ff0e5f7ff59bd9a29a3249dae48d72a3') in 0.002503 seconds 
  Import took 0.004544 seconds .

========================================================================
Received Import Request.
  Time since last request: 3.357352 seconds.
  path: Assets/Scripts/2DPlatformer/FireBallSpawner.cs
  artifactKey: Guid(d2c2a2a6c476d664a828ff2b866ee528) Importer(815301076,1909f56bfc062723c751e8b465ee728b)
Start importing Assets/Scripts/2DPlatformer/FireBallSpawner.cs using Guid(d2c2a2a6c476d664a828ff2b866ee528) Importer(815301076,1909f56bfc062723c751e8b465ee728b)  -> (artifact id: '076f4e82866fef4136ce2603bf16e34a') in 0.002318 seconds 
  Import took 0.004393 seconds .

========================================================================
Received Prepare
Default GameObject BitMask: Weapon already registered
Registering precompiled user dll's ...
Registered in 0.002169 seconds.
Begin MonoManager ReloadAssembly
Native extension for WindowsStandalone target not found
Refreshing native plugins compatible for Editor in 0.35 ms, found 2 plugins.
Preloading 0 native plugins for Editor in 0.00 ms.
Mono: successfully reloaded assembly
- Completed reload, in  0.648 seconds
Domain Reload Profiling:
	ReloadAssembly (648ms)
		BeginReloadAssembly (104ms)
			ExecutionOrderSort (0ms)
			DisableScriptedObjects (3ms)
			BackupInstance (0ms)
			ReleaseScriptingObjects (0ms)
			CreateAndSetChildDomain (25ms)
		EndReloadAssembly (501ms)
			LoadAssemblies (76ms)
			RebuildTransferFunctionScriptingTraits (0ms)
			SetupTypeCache (172ms)
			ReleaseScriptCaches (1ms)
			RebuildScriptCaches (23ms)
			SetupLoadedEditorAssemblies (187ms)
				LogAssemblyErrors (0ms)
				InitializePlatformSupportModulesInManaged (4ms)
				SetLoadedEditorAssemblies (0ms)
				RefreshPlugins (0ms)
				BeforeProcessingInitializeOnLoad (47ms)
				ProcessInitializeOnLoadAttributes (131ms)
				ProcessInitializeOnLoadMethodAttributes (3ms)
				AfterProcessingInitializeOnLoad (2ms)
				EditorAssembliesLoaded (0ms)
			ExecutionOrderSort2 (0ms)
			AwakeInstancesAfterBackupRestoration (4ms)
Platform modules already initialized, skipping
Refreshing native plugins compatible for Editor in 0.34 ms, found 2 plugins.
Preloading 0 native plugins for Editor in 0.00 ms.
Unloading 1438 Unused Serialized files (Serialized files now loaded: 0)
System memory in use before: 73.5 MB.
System memory in use after: 73.6 MB.

Unloading 11 unused Assets to reduce memory usage. Loaded Objects now: 1912.
Total: 2.446900 ms (FindLiveObjects: 0.154100 ms CreateObjectMapping: 0.038500 ms MarkObjects: 2.233700 ms  DeleteObjects: 0.020000 ms)

AssetImportParameters requested are different than current active one (requested -> active):
  custom:framework-win-MediaFoundation: 216162199b28c13a410421893ffa2e32 -> 
  custom:video-decoder-ogg-theora: a1e56fd34408186e4bbccfd4996cb3dc -> 
  custom:container-muxer-webm: aa71ff27fc2769a1b78a27578f13a17b -> 
  custom:container-demuxer-webm: 4f35f7cbe854078d1ac9338744f61a02 -> 
  custom:container-demuxer-ogg: 62fdf1f143b41e24485cea50d1cbac27 -> 
  custom:video-encoder-webm-vp8: eb34c28f22e8b96e1ab97ce403110664 -> 
  custom:video-decoder-webm-vp8: 9c59270c3fd7afecdb556c50c9e8de78 -> 
  custom:audio-decoder-ogg-vorbis: bf7c407c2cedff20999df2af8eb42d56 -> 
  custom:audio-encoder-webm-vorbis: bf7c407c2cedff20999df2af8eb42d56 -> 
========================================================================
Received Prepare
Default GameObject BitMask: Weapon already registered
Registering precompiled user dll's ...
Registered in 0.002269 seconds.
Begin MonoManager ReloadAssembly
Native extension for WindowsStandalone target not found
Refreshing native plugins compatible for Editor in 0.33 ms, found 2 plugins.
Preloading 0 native plugins for Editor in 0.00 ms.
Mono: successfully reloaded assembly
- Completed reload, in  0.648 seconds
Domain Reload Profiling:
	ReloadAssembly (648ms)
		BeginReloadAssembly (100ms)
			ExecutionOrderSort (0ms)
			DisableScriptedObjects (3ms)
			BackupInstance (0ms)
			ReleaseScriptingObjects (0ms)
			CreateAndSetChildDomain (27ms)
		EndReloadAssembly (506ms)
			LoadAssemblies (77ms)
			RebuildTransferFunctionScriptingTraits (0ms)
			SetupTypeCache (173ms)
			ReleaseScriptCaches (1ms)
			RebuildScriptCaches (24ms)
			SetupLoadedEditorAssemblies (189ms)
				LogAssemblyErrors (0ms)
				InitializePlatformSupportModulesInManaged (4ms)
				SetLoadedEditorAssemblies (0ms)
				RefreshPlugins (0ms)
				BeforeProcessingInitializeOnLoad (48ms)
				ProcessInitializeOnLoadAttributes (131ms)
				ProcessInitializeOnLoadMethodAttributes (3ms)
				AfterProcessingInitializeOnLoad (2ms)
				EditorAssembliesLoaded (0ms)
			ExecutionOrderSort2 (0ms)
			AwakeInstancesAfterBackupRestoration (5ms)
Platform modules already initialized, skipping
Refreshing native plugins compatible for Editor in 0.40 ms, found 2 plugins.
Preloading 0 native plugins for Editor in 0.00 ms.
Unloading 1438 Unused Serialized files (Serialized files now loaded: 0)
System memory in use before: 73.5 MB.
System memory in use after: 73.6 MB.

Unloading 11 unused Assets to reduce memory usage. Loaded Objects now: 1914.
Total: 2.579900 ms (FindLiveObjects: 0.155800 ms CreateObjectMapping: 0.043200 ms MarkObjects: 2.359500 ms  DeleteObjects: 0.020100 ms)

AssetImportParameters requested are different than current active one (requested -> active):
  custom:framework-win-MediaFoundation: 216162199b28c13a410421893ffa2e32 -> 
  custom:video-decoder-ogg-theora: a1e56fd34408186e4bbccfd4996cb3dc -> 
  custom:container-muxer-webm: aa71ff27fc2769a1b78a27578f13a17b -> 
  custom:container-demuxer-webm: 4f35f7cbe854078d1ac9338744f61a02 -> 
  custom:container-demuxer-ogg: 62fdf1f143b41e24485cea50d1cbac27 -> 
  custom:video-encoder-webm-vp8: eb34c28f22e8b96e1ab97ce403110664 -> 
  custom:video-decoder-webm-vp8: 9c59270c3fd7afecdb556c50c9e8de78 -> 
  custom:audio-decoder-ogg-vorbis: bf7c407c2cedff20999df2af8eb42d56 -> 
  custom:audio-encoder-webm-vorbis: bf7c407c2cedff20999df2af8eb42d56 -> 
=======
  path: Assets/Tree.prefab
  artifactKey: Guid(a26e7a5bb5b846345acc7097217a562a) Importer(815301076,1909f56bfc062723c751e8b465ee728b)
Start importing Assets/Tree.prefab using Guid(a26e7a5bb5b846345acc7097217a562a) Importer(815301076,1909f56bfc062723c751e8b465ee728b)  -> (artifact id: 'd13688ca9c5062988969c1ae8ca0da69') in 1.762708 seconds 
  Import took 1.765555 seconds .

========================================================================
Received Import Request.
  Time since last request: 245.419650 seconds.
  path: Assets/Scripts/TwinStick
  artifactKey: Guid(c12bac04123538344842b4636c934c79) Importer(815301076,1909f56bfc062723c751e8b465ee728b)
Start importing Assets/Scripts/TwinStick using Guid(c12bac04123538344842b4636c934c79) Importer(815301076,1909f56bfc062723c751e8b465ee728b)  -> (artifact id: 'cee037083ec8939cd5e0dcb22b4c06b6') in 0.008589 seconds 
  Import took 0.011388 seconds .

========================================================================
Received Import Request.
  Time since last request: 0.006684 seconds.
  path: Assets/Scripts/TwinStick
  artifactKey: Guid(c12bac04123538344842b4636c934c79) Importer(815301076,1909f56bfc062723c751e8b465ee728b)
Start importing Assets/Scripts/TwinStick using Guid(c12bac04123538344842b4636c934c79) Importer(815301076,1909f56bfc062723c751e8b465ee728b)  -> (artifact id: 'cee037083ec8939cd5e0dcb22b4c06b6') in 0.002773 seconds 
  Import took 0.005902 seconds .

========================================================================
Received Import Request.
  Time since last request: 7.440502 seconds.
  path: Assets/Scripts/TwinStick/Player.cs
  artifactKey: Guid(dc226db3692302b48960ec9b24999d66) Importer(815301076,1909f56bfc062723c751e8b465ee728b)
Start importing Assets/Scripts/TwinStick/Player.cs using Guid(dc226db3692302b48960ec9b24999d66) Importer(815301076,1909f56bfc062723c751e8b465ee728b)  -> (artifact id: 'd43ac0f6b55e7ef38290b32dae579c86') in 0.013020 seconds 
  Import took 0.015528 seconds .

========================================================================
Received Import Request.
  Time since last request: 0.019339 seconds.
  path: Assets/Scripts/TwinStick/Player.cs
  artifactKey: Guid(dc226db3692302b48960ec9b24999d66) Importer(815301076,1909f56bfc062723c751e8b465ee728b)
Start importing Assets/Scripts/TwinStick/Player.cs using Guid(dc226db3692302b48960ec9b24999d66) Importer(815301076,1909f56bfc062723c751e8b465ee728b)  -> (artifact id: 'd43ac0f6b55e7ef38290b32dae579c86') in 0.002793 seconds 
  Import took 0.005575 seconds .

========================================================================
Received Import Request.
  Time since last request: 13.165097 seconds.
  path: Assets/Scenes/1Level_Prototipo.unity
  artifactKey: Guid(03a3e96a6b953a7449ea8740e39b231c) Importer(815301076,1909f56bfc062723c751e8b465ee728b)
Start importing Assets/Scenes/1Level_Prototipo.unity using Guid(03a3e96a6b953a7449ea8740e39b231c) Importer(815301076,1909f56bfc062723c751e8b465ee728b)  -> (artifact id: 'ab13e5b328acb837634ec6e5ffba190f') in 0.013115 seconds 
  Import took 0.016651 seconds .

========================================================================
Received Import Request.
  Time since last request: 0.000770 seconds.
  path: Assets/Scenes/1Level_Prototipo.unity
  artifactKey: Guid(03a3e96a6b953a7449ea8740e39b231c) Importer(815301076,1909f56bfc062723c751e8b465ee728b)
Start importing Assets/Scenes/1Level_Prototipo.unity using Guid(03a3e96a6b953a7449ea8740e39b231c) Importer(815301076,1909f56bfc062723c751e8b465ee728b)  -> (artifact id: 'ab13e5b328acb837634ec6e5ffba190f') in 0.003512 seconds 
  Import took 0.006065 seconds .

========================================================================
Received Import Request.
  Time since last request: 20.397680 seconds.
  path: Assets/Scripts
  artifactKey: Guid(dd3fca3a8c87c664f89cbc9d820cabb4) Importer(815301076,1909f56bfc062723c751e8b465ee728b)
Start importing Assets/Scripts using Guid(dd3fca3a8c87c664f89cbc9d820cabb4) Importer(815301076,1909f56bfc062723c751e8b465ee728b)  -> (artifact id: '1725140bcb5e3e5de54cb237cc02d3d6') in 0.007848 seconds 
  Import took 0.010516 seconds .

========================================================================
Received Import Request.
  Time since last request: 5.726602 seconds.
  path: Assets/Scripts/Camara.cs
  artifactKey: Guid(54d40dcab11813a4cb797d640dd54b6b) Importer(815301076,1909f56bfc062723c751e8b465ee728b)
Start importing Assets/Scripts/Camara.cs using Guid(54d40dcab11813a4cb797d640dd54b6b) Importer(815301076,1909f56bfc062723c751e8b465ee728b)  -> (artifact id: '57744113bc88fee800c3951d8b46124c') in 0.006795 seconds 
  Import took 0.014399 seconds .

========================================================================
Received Import Request.
  Time since last request: 21.414608 seconds.
  path: Assets/Scripts/CamaraNew.cs
  artifactKey: Guid(54d40dcab11813a4cb797d640dd54b6b) Importer(815301076,1909f56bfc062723c751e8b465ee728b)
Start importing Assets/Scripts/CamaraNew.cs using Guid(54d40dcab11813a4cb797d640dd54b6b) Importer(815301076,1909f56bfc062723c751e8b465ee728b)  -> (artifact id: 'c498d505818411c4722c4c1ee60ed77c') in 0.011011 seconds 
  Import took 0.013764 seconds .

========================================================================
Received Import Request.
  Time since last request: 8.766362 seconds.
  path: Assets/Scripts/Loading.cs
  artifactKey: Guid(2ea67e34d6138784d8c74d2888a602e8) Importer(815301076,1909f56bfc062723c751e8b465ee728b)
Start importing Assets/Scripts/Loading.cs using Guid(2ea67e34d6138784d8c74d2888a602e8) Importer(815301076,1909f56bfc062723c751e8b465ee728b)  -> (artifact id: 'db0903662bcd3353a540d2f02d10753f') in 0.008445 seconds 
  Import took 0.012086 seconds .

========================================================================
Received Import Request.
  Time since last request: 60.021855 seconds.
  path: Assets/Scripts/CamaraNew.cs
  artifactKey: Guid(54d40dcab11813a4cb797d640dd54b6b) Importer(815301076,1909f56bfc062723c751e8b465ee728b)
Start importing Assets/Scripts/CamaraNew.cs using Guid(54d40dcab11813a4cb797d640dd54b6b) Importer(815301076,1909f56bfc062723c751e8b465ee728b)  -> (artifact id: 'f96a98eb98ff49703270e2a859f81f6a') in 0.005097 seconds 
  Import took 0.010549 seconds .

========================================================================
Received Import Request.
  Time since last request: 0.022527 seconds.
  path: Assets/Scripts/CamaraNew.cs
  artifactKey: Guid(54d40dcab11813a4cb797d640dd54b6b) Importer(815301076,1909f56bfc062723c751e8b465ee728b)
Start importing Assets/Scripts/CamaraNew.cs using Guid(54d40dcab11813a4cb797d640dd54b6b) Importer(815301076,1909f56bfc062723c751e8b465ee728b)  -> (artifact id: 'f96a98eb98ff49703270e2a859f81f6a') in 0.010846 seconds 
  Import took 0.016545 seconds .

========================================================================
Received Import Request.
  Time since last request: 4.094817 seconds.
  path: Assets/Scripts/Camara.cs
  artifactKey: Guid(54d40dcab11813a4cb797d640dd54b6b) Importer(815301076,1909f56bfc062723c751e8b465ee728b)
Start importing Assets/Scripts/Camara.cs using Guid(54d40dcab11813a4cb797d640dd54b6b) Importer(815301076,1909f56bfc062723c751e8b465ee728b)  -> (artifact id: 'a312fddbba2e6e5e4b4376440bbd979b') in 0.003750 seconds 
  Import took 0.008920 seconds .

========================================================================
Received Import Request.
  Time since last request: 62.270298 seconds.
  path: Assets/Scripts/TriggersCamaras.cs
  artifactKey: Guid(44fb89dfff2d3214b990b2853d415e54) Importer(815301076,1909f56bfc062723c751e8b465ee728b)
Start importing Assets/Scripts/TriggersCamaras.cs using Guid(44fb89dfff2d3214b990b2853d415e54) Importer(815301076,1909f56bfc062723c751e8b465ee728b)  -> (artifact id: '4d1fa9184f47927c586c13a28608dcf6') in 0.013762 seconds 
  Import took 0.017470 seconds .

========================================================================
Received Import Request.
  Time since last request: 27.548954 seconds.
  path: Assets/Scripts/TriggersCamaras.cs
  artifactKey: Guid(44fb89dfff2d3214b990b2853d415e54) Importer(815301076,1909f56bfc062723c751e8b465ee728b)
Start importing Assets/Scripts/TriggersCamaras.cs using Guid(44fb89dfff2d3214b990b2853d415e54) Importer(815301076,1909f56bfc062723c751e8b465ee728b)  -> (artifact id: '4f201d1a7506220598c5ff855af8a6d1') in 0.004045 seconds 
  Import took 0.007001 seconds .

========================================================================
Received Import Request.
  Time since last request: 23.514276 seconds.
  path: Assets/Scripts/CheckPointManager.cs
  artifactKey: Guid(69e586b4feb0506489cadd4d82595208) Importer(815301076,1909f56bfc062723c751e8b465ee728b)
Start importing Assets/Scripts/CheckPointManager.cs using Guid(69e586b4feb0506489cadd4d82595208) Importer(815301076,1909f56bfc062723c751e8b465ee728b)  -> (artifact id: '897f1f15836013f5b22139f4417840e9') in 0.009014 seconds 
  Import took 0.012657 seconds .

========================================================================
Received Import Request.
  Time since last request: 28.437964 seconds.
  path: Assets/Scripts/CheckPointManager.cs
  artifactKey: Guid(69e586b4feb0506489cadd4d82595208) Importer(815301076,1909f56bfc062723c751e8b465ee728b)
Start importing Assets/Scripts/CheckPointManager.cs using Guid(69e586b4feb0506489cadd4d82595208) Importer(815301076,1909f56bfc062723c751e8b465ee728b)  -> (artifact id: '0f3fbe6b123579161df7f51f5c2523fe') in 0.007570 seconds 
  Import took 0.013402 seconds .

========================================================================
Received Import Request.
  Time since last request: 5.120872 seconds.
  path: Assets/Scripts/CheckpointManager.cs
  artifactKey: Guid(69e586b4feb0506489cadd4d82595208) Importer(815301076,1909f56bfc062723c751e8b465ee728b)
Start importing Assets/Scripts/CheckpointManager.cs using Guid(69e586b4feb0506489cadd4d82595208) Importer(815301076,1909f56bfc062723c751e8b465ee728b)  -> (artifact id: '3c1d61f4e7916ee4884c380102376d43') in 0.013684 seconds 
  Import took 0.016134 seconds .

========================================================================
Received Import Request.
  Time since last request: 106.561594 seconds.
  path: Assets/Scripts/GameManager.cs
  artifactKey: Guid(b5c53ef9851afb04d92d11016dc5dd72) Importer(815301076,1909f56bfc062723c751e8b465ee728b)
Start importing Assets/Scripts/GameManager.cs using Guid(b5c53ef9851afb04d92d11016dc5dd72) Importer(815301076,1909f56bfc062723c751e8b465ee728b)  -> (artifact id: '3377b7cd3196d64a98292579b82bc08d') in 0.008910 seconds 
  Import took 0.011674 seconds .

========================================================================
Received Import Request.
  Time since last request: 31.764485 seconds.
  path: Assets/Scripts/GameManager.cs
  artifactKey: Guid(b5c53ef9851afb04d92d11016dc5dd72) Importer(815301076,1909f56bfc062723c751e8b465ee728b)
Start importing Assets/Scripts/GameManager.cs using Guid(b5c53ef9851afb04d92d11016dc5dd72) Importer(815301076,1909f56bfc062723c751e8b465ee728b)  -> (artifact id: 'f0d9cc162fec05e06823f35be1fdeb73') in 0.009182 seconds 
  Import took 0.012192 seconds .

AssetImportWorkerClient::OnTransportError - code=2 error=End of file
>>>>>>> 1bfa6a9346c18a1c4a0ead51f35bd349e98c2857
